18:23:45 INFO WDM - '====== WebDriver manager ======'
18:23:47 INFO WDM - 'Get LATEST chromedriver version for google-chrome'
18:23:47 INFO WDM - 'Get LATEST chromedriver version for google-chrome'
18:23:47 INFO WDM - 'Driver [C:\\Users\\Eugis\\.wdm\\drivers\\chromedriver\\win64\\142.0.7444.175\\chromedriver-win32/chromedriver.exe] found in cache'
18:24:03 INFO WDM - '====== WebDriver manager ======'
18:24:03 INFO WDM - 'Get LATEST chromedriver version for google-chrome'
18:24:04 INFO WDM - 'Get LATEST chromedriver version for google-chrome'
18:24:04 INFO WDM - 'Driver [C:\\Users\\Eugis\\.wdm\\drivers\\chromedriver\\win64\\142.0.7444.175\\chromedriver-win32/chromedriver.exe] found in cache'
18:24:15 INFO WDM - '====== WebDriver manager ======'
18:24:16 INFO WDM - 'Get LATEST chromedriver version for google-chrome'
18:24:16 INFO WDM - 'Get LATEST chromedriver version for google-chrome'
18:24:16 INFO WDM - 'Driver [C:\\Users\\Eugis\\.wdm\\drivers\\chromedriver\\win64\\142.0.7444.175\\chromedriver-win32/chromedriver.exe] found in cache'
18:24:31 INFO WDM - '====== WebDriver manager ======'
18:24:32 INFO WDM - 'Get LATEST chromedriver version for google-chrome'
18:24:32 INFO WDM - 'Get LATEST chromedriver version for google-chrome'
18:24:32 INFO WDM - 'Driver [C:\\Users\\Eugis\\.wdm\\drivers\\chromedriver\\win64\\142.0.7444.175\\chromedriver-win32/chromedriver.exe] found in cache'
18:24:46 INFO WDM - '====== WebDriver manager ======'
18:24:47 INFO WDM - 'Get LATEST chromedriver version for google-chrome'
18:24:48 INFO WDM - 'Get LATEST chromedriver version for google-chrome'
18:24:48 INFO WDM - 'Driver [C:\\Users\\Eugis\\.wdm\\drivers\\chromedriver\\win64\\142.0.7444.175\\chromedriver-win32/chromedriver.exe] found in cache'
18:24:59 INFO WDM - '====== WebDriver manager ======'
18:25:00 INFO WDM - 'Get LATEST chromedriver version for google-chrome'
18:25:00 INFO WDM - 'Get LATEST chromedriver version for google-chrome'
18:25:00 INFO WDM - 'Driver [C:\\Users\\Eugis\\.wdm\\drivers\\chromedriver\\win64\\142.0.7444.175\\chromedriver-win32/chromedriver.exe] found in cache'
18:25:15 INFO WDM - '====== WebDriver manager ======'
18:25:15 INFO WDM - 'Get LATEST chromedriver version for google-chrome'
18:25:16 INFO WDM - 'Get LATEST chromedriver version for google-chrome'
18:25:16 INFO WDM - 'Driver [C:\\Users\\Eugis\\.wdm\\drivers\\chromedriver\\win64\\142.0.7444.175\\chromedriver-win32/chromedriver.exe] found in cache'
18:25:34 INFO WDM - '====== WebDriver manager ======'
18:25:36 INFO WDM - 'Get LATEST chromedriver version for google-chrome'
18:25:36 INFO WDM - 'Get LATEST chromedriver version for google-chrome'
18:25:37 INFO WDM - 'Driver [C:\\Users\\Eugis\\.wdm\\drivers\\chromedriver\\win64\\142.0.7444.175\\chromedriver-win32/chromedriver.exe] found in cache'
18:25:47 INFO WDM - '====== WebDriver manager ======'
18:25:48 INFO WDM - 'Get LATEST chromedriver version for google-chrome'
18:25:49 INFO WDM - 'Get LATEST chromedriver version for google-chrome'
18:25:49 INFO WDM - 'Driver [C:\\Users\\Eugis\\.wdm\\drivers\\chromedriver\\win64\\142.0.7444.175\\chromedriver-win32/chromedriver.exe] found in cache'
18:26:00 INFO WDM - '====== WebDriver manager ======'
18:26:00 INFO WDM - 'Get LATEST chromedriver version for google-chrome'
18:26:01 INFO WDM - 'Get LATEST chromedriver version for google-chrome'
18:26:01 INFO WDM - 'Driver [C:\\Users\\Eugis\\.wdm\\drivers\\chromedriver\\win64\\142.0.7444.175\\chromedriver-win32/chromedriver.exe] found in cache'
18:26:15 INFO WDM - '====== WebDriver manager ======'
18:26:16 INFO WDM - 'Get LATEST chromedriver version for google-chrome'
18:26:17 INFO WDM - 'Get LATEST chromedriver version for google-chrome'
18:26:17 INFO WDM - 'Driver [C:\\Users\\Eugis\\.wdm\\drivers\\chromedriver\\win64\\142.0.7444.175\\chromedriver-win32/chromedriver.exe] found in cache'
18:26:27 INFO WDM - '====== WebDriver manager ======'
18:26:28 INFO WDM - 'Get LATEST chromedriver version for google-chrome'
18:26:29 INFO WDM - 'Get LATEST chromedriver version for google-chrome'
18:26:29 INFO WDM - 'Driver [C:\\Users\\Eugis\\.wdm\\drivers\\chromedriver\\win64\\142.0.7444.175\\chromedriver-win32/chromedriver.exe] found in cache'
18:26:46 INFO talentolab - 'TEST ENCADENADOS : GET, POST, PUT, PATCH, DELETE'
18:26:46 INFO talentolab - 'GET: Obetener usuarios'
18:26:46 INFO talentolab - 'POST: Crear usuario'
18:26:47 INFO talentolab - 'Patch: Modificar un dato de un usuario en particular'
18:26:47 INFO talentolab - 'Put: Modificar todos los datos de un usuario en particular'
18:26:47 INFO talentolab - 'delete: borrar un usuario en particular'
18:26:48 INFO WDM - '====== WebDriver manager ======'
18:26:49 INFO WDM - 'Get LATEST chromedriver version for google-chrome'
18:26:49 INFO WDM - 'Get LATEST chromedriver version for google-chrome'
18:26:49 INFO WDM - 'Driver [C:\\Users\\Eugis\\.wdm\\drivers\\chromedriver\\win64\\142.0.7444.175\\chromedriver-win32/chromedriver.exe] found in cache'
18:42:33 INFO WDM - '====== WebDriver manager ======'
18:42:34 INFO WDM - 'Get LATEST chromedriver version for google-chrome'
18:42:34 INFO WDM - 'Get LATEST chromedriver version for google-chrome'
18:42:34 INFO WDM - 'Driver [C:\\Users\\Eugis\\.wdm\\drivers\\chromedriver\\win64\\142.0.7444.175\\chromedriver-win32/chromedriver.exe] found in cache'
18:42:49 INFO WDM - '====== WebDriver manager ======'
18:42:50 INFO WDM - 'Get LATEST chromedriver version for google-chrome'
18:42:50 INFO WDM - 'Get LATEST chromedriver version for google-chrome'
18:42:51 INFO WDM - 'Driver [C:\\Users\\Eugis\\.wdm\\drivers\\chromedriver\\win64\\142.0.7444.175\\chromedriver-win32/chromedriver.exe] found in cache'
18:43:01 INFO WDM - '====== WebDriver manager ======'
18:43:02 INFO WDM - 'Get LATEST chromedriver version for google-chrome'
18:43:03 INFO WDM - 'Get LATEST chromedriver version for google-chrome'
18:43:03 INFO WDM - 'Driver [C:\\Users\\Eugis\\.wdm\\drivers\\chromedriver\\win64\\142.0.7444.175\\chromedriver-win32/chromedriver.exe] found in cache'
18:43:14 INFO WDM - '====== WebDriver manager ======'
18:43:14 INFO WDM - 'Get LATEST chromedriver version for google-chrome'
18:43:15 INFO WDM - 'Get LATEST chromedriver version for google-chrome'
18:43:15 INFO WDM - 'Driver [C:\\Users\\Eugis\\.wdm\\drivers\\chromedriver\\win64\\142.0.7444.175\\chromedriver-win32/chromedriver.exe] found in cache'
18:43:30 INFO WDM - '====== WebDriver manager ======'
18:43:30 INFO WDM - 'Get LATEST chromedriver version for google-chrome'
18:43:31 INFO WDM - 'Get LATEST chromedriver version for google-chrome'
18:43:31 INFO WDM - 'Driver [C:\\Users\\Eugis\\.wdm\\drivers\\chromedriver\\win64\\142.0.7444.175\\chromedriver-win32/chromedriver.exe] found in cache'
18:43:42 INFO WDM - '====== WebDriver manager ======'
18:43:43 INFO WDM - 'Get LATEST chromedriver version for google-chrome'
18:43:43 INFO WDM - 'Get LATEST chromedriver version for google-chrome'
18:43:43 INFO WDM - 'Driver [C:\\Users\\Eugis\\.wdm\\drivers\\chromedriver\\win64\\142.0.7444.175\\chromedriver-win32/chromedriver.exe] found in cache'
18:43:54 INFO WDM - '====== WebDriver manager ======'
18:43:55 INFO WDM - 'Get LATEST chromedriver version for google-chrome'
18:43:55 INFO WDM - 'Get LATEST chromedriver version for google-chrome'
18:43:55 INFO WDM - 'Driver [C:\\Users\\Eugis\\.wdm\\drivers\\chromedriver\\win64\\142.0.7444.175\\chromedriver-win32/chromedriver.exe] found in cache'
18:44:10 INFO WDM - '====== WebDriver manager ======'
18:44:11 INFO WDM - 'Get LATEST chromedriver version for google-chrome'
18:44:11 INFO WDM - 'Get LATEST chromedriver version for google-chrome'
18:44:11 INFO WDM - 'Driver [C:\\Users\\Eugis\\.wdm\\drivers\\chromedriver\\win64\\142.0.7444.175\\chromedriver-win32/chromedriver.exe] found in cache'
18:44:22 INFO WDM - '====== WebDriver manager ======'
18:44:23 INFO WDM - 'Get LATEST chromedriver version for google-chrome'
18:44:23 INFO WDM - 'Get LATEST chromedriver version for google-chrome'
18:44:23 INFO WDM - 'Driver [C:\\Users\\Eugis\\.wdm\\drivers\\chromedriver\\win64\\142.0.7444.175\\chromedriver-win32/chromedriver.exe] found in cache'
18:44:34 INFO WDM - '====== WebDriver manager ======'
18:44:35 INFO WDM - 'Get LATEST chromedriver version for google-chrome'
18:44:35 INFO WDM - 'Get LATEST chromedriver version for google-chrome'
18:44:36 INFO WDM - 'Driver [C:\\Users\\Eugis\\.wdm\\drivers\\chromedriver\\win64\\142.0.7444.175\\chromedriver-win32/chromedriver.exe] found in cache'
18:44:50 INFO WDM - '====== WebDriver manager ======'
18:44:51 INFO WDM - 'Get LATEST chromedriver version for google-chrome'
18:44:51 INFO WDM - 'Get LATEST chromedriver version for google-chrome'
18:44:52 INFO WDM - 'Driver [C:\\Users\\Eugis\\.wdm\\drivers\\chromedriver\\win64\\142.0.7444.175\\chromedriver-win32/chromedriver.exe] found in cache'
18:45:02 INFO WDM - '====== WebDriver manager ======'
18:45:03 INFO WDM - 'Get LATEST chromedriver version for google-chrome'
18:45:03 INFO WDM - 'Get LATEST chromedriver version for google-chrome'
18:45:04 INFO WDM - 'Driver [C:\\Users\\Eugis\\.wdm\\drivers\\chromedriver\\win64\\142.0.7444.175\\chromedriver-win32/chromedriver.exe] found in cache'
18:45:21 INFO talentolab - 'TEST ENCADENADOS : GET, POST, PUT, PATCH, DELETE'
18:45:21 INFO talentolab - 'GET: Obetener usuarios'
18:45:21 INFO talentolab - 'POST: Crear usuario'
18:45:22 INFO talentolab - 'Patch: Modificar un dato de un usuario en particular'
18:45:22 INFO talentolab - 'Put: Modificar todos los datos de un usuario en particular'
18:45:22 INFO talentolab - 'delete: borrar un usuario en particular'
18:45:23 INFO WDM - '====== WebDriver manager ======'
18:45:24 INFO WDM - 'Get LATEST chromedriver version for google-chrome'
18:45:24 INFO WDM - 'Get LATEST chromedriver version for google-chrome'
18:45:24 INFO WDM - 'Driver [C:\\Users\\Eugis\\.wdm\\drivers\\chromedriver\\win64\\142.0.7444.175\\chromedriver-win32/chromedriver.exe] found in cache'
01:40:11 INFO WDM - '====== WebDriver manager ======'
01:40:12 INFO WDM - 'Get LATEST chromedriver version for google-chrome'
01:40:12 INFO WDM - 'Get LATEST chromedriver version for google-chrome'
01:40:13 INFO WDM - 'Driver [C:\\Users\\Eugis\\.wdm\\drivers\\chromedriver\\win64\\142.0.7444.175\\chromedriver-win32/chromedriver.exe] found in cache'
01:41:04 INFO WDM - '====== WebDriver manager ======'
01:41:05 INFO WDM - 'Get LATEST chromedriver version for google-chrome'
01:41:05 INFO WDM - 'Get LATEST chromedriver version for google-chrome'
01:41:06 INFO WDM - 'Driver [C:\\Users\\Eugis\\.wdm\\drivers\\chromedriver\\win64\\142.0.7444.175\\chromedriver-win32/chromedriver.exe] found in cache'
01:41:55 INFO WDM - '====== WebDriver manager ======'
01:41:56 INFO WDM - 'Get LATEST chromedriver version for google-chrome'
01:41:56 INFO WDM - 'Get LATEST chromedriver version for google-chrome'
01:41:57 INFO WDM - 'Driver [C:\\Users\\Eugis\\.wdm\\drivers\\chromedriver\\win64\\142.0.7444.175\\chromedriver-win32/chromedriver.exe] found in cache'
01:43:00 INFO WDM - '====== WebDriver manager ======'
01:43:01 INFO WDM - 'Get LATEST chromedriver version for google-chrome'
01:43:02 INFO WDM - 'Get LATEST chromedriver version for google-chrome'
01:43:02 INFO WDM - 'Driver [C:\\Users\\Eugis\\.wdm\\drivers\\chromedriver\\win64\\142.0.7444.175\\chromedriver-win32/chromedriver.exe] found in cache'
01:44:13 INFO WDM - '====== WebDriver manager ======'
01:44:14 INFO WDM - 'Get LATEST chromedriver version for google-chrome'
01:44:14 INFO WDM - 'Get LATEST chromedriver version for google-chrome'
01:44:15 INFO WDM - 'Driver [C:\\Users\\Eugis\\.wdm\\drivers\\chromedriver\\win64\\142.0.7444.175\\chromedriver-win32/chromedriver.exe] found in cache'
01:45:49 INFO WDM - '====== WebDriver manager ======'
01:45:49 INFO WDM - 'Get LATEST chromedriver version for google-chrome'
01:45:50 INFO WDM - 'Get LATEST chromedriver version for google-chrome'
01:45:50 INFO WDM - 'Driver [C:\\Users\\Eugis\\.wdm\\drivers\\chromedriver\\win64\\142.0.7444.175\\chromedriver-win32/chromedriver.exe] found in cache'
01:57:03 INFO WDM - '====== WebDriver manager ======'
01:57:04 INFO WDM - 'Get LATEST chromedriver version for google-chrome'
01:57:05 INFO WDM - 'Get LATEST chromedriver version for google-chrome'
01:57:05 INFO WDM - 'Driver [C:\\Users\\Eugis\\.wdm\\drivers\\chromedriver\\win64\\142.0.7444.175\\chromedriver-win32/chromedriver.exe] found in cache'
01:58:54 INFO WDM - '====== WebDriver manager ======'
01:58:55 INFO WDM - 'Get LATEST chromedriver version for google-chrome'
01:58:55 INFO WDM - 'Get LATEST chromedriver version for google-chrome'
01:58:56 INFO WDM - 'Driver [C:\\Users\\Eugis\\.wdm\\drivers\\chromedriver\\win64\\142.0.7444.175\\chromedriver-win32/chromedriver.exe] found in cache'
01:59:28 INFO WDM - '====== WebDriver manager ======'
01:59:29 INFO WDM - 'Get LATEST chromedriver version for google-chrome'
01:59:29 INFO WDM - 'Get LATEST chromedriver version for google-chrome'
01:59:29 INFO WDM - 'Driver [C:\\Users\\Eugis\\.wdm\\drivers\\chromedriver\\win64\\142.0.7444.175\\chromedriver-win32/chromedriver.exe] found in cache'
02:02:33 INFO WDM - '====== WebDriver manager ======'
02:02:34 INFO WDM - 'Get LATEST chromedriver version for google-chrome'
02:02:35 INFO WDM - 'Get LATEST chromedriver version for google-chrome'
02:02:35 INFO WDM - 'Driver [C:\\Users\\Eugis\\.wdm\\drivers\\chromedriver\\win64\\142.0.7444.175\\chromedriver-win32/chromedriver.exe] found in cache'
02:04:15 INFO WDM - '====== WebDriver manager ======'
02:04:15 INFO WDM - 'Get LATEST chromedriver version for google-chrome'
02:04:16 INFO WDM - 'Get LATEST chromedriver version for google-chrome'
02:04:16 INFO WDM - 'Driver [C:\\Users\\Eugis\\.wdm\\drivers\\chromedriver\\win64\\142.0.7444.175\\chromedriver-win32/chromedriver.exe] found in cache'
05:21:18 INFO WDM - '====== WebDriver manager ======'
05:21:19 INFO WDM - 'Get LATEST chromedriver version for google-chrome'
05:21:19 INFO WDM - 'Get LATEST chromedriver version for google-chrome'
05:21:20 INFO WDM - 'Driver [C:\\Users\\Eugis\\.wdm\\drivers\\chromedriver\\win64\\142.0.7444.175\\chromedriver-win32/chromedriver.exe] found in cache'
05:21:35 INFO WDM - '====== WebDriver manager ======'
05:21:36 INFO WDM - 'Get LATEST chromedriver version for google-chrome'
05:21:36 INFO WDM - 'Get LATEST chromedriver version for google-chrome'
05:21:36 INFO WDM - 'Driver [C:\\Users\\Eugis\\.wdm\\drivers\\chromedriver\\win64\\142.0.7444.175\\chromedriver-win32/chromedriver.exe] found in cache'
05:21:51 INFO WDM - '====== WebDriver manager ======'
05:21:52 INFO WDM - 'Get LATEST chromedriver version for google-chrome'
05:21:52 INFO WDM - 'Get LATEST chromedriver version for google-chrome'
05:21:52 INFO WDM - 'Driver [C:\\Users\\Eugis\\.wdm\\drivers\\chromedriver\\win64\\142.0.7444.175\\chromedriver-win32/chromedriver.exe] found in cache'
05:22:09 INFO WDM - '====== WebDriver manager ======'
05:22:10 INFO WDM - 'Get LATEST chromedriver version for google-chrome'
05:22:10 INFO WDM - 'Get LATEST chromedriver version for google-chrome'
05:22:11 INFO WDM - 'Driver [C:\\Users\\Eugis\\.wdm\\drivers\\chromedriver\\win64\\142.0.7444.175\\chromedriver-win32/chromedriver.exe] found in cache'
05:22:25 INFO WDM - '====== WebDriver manager ======'
05:22:26 INFO WDM - 'Get LATEST chromedriver version for google-chrome'
05:22:26 INFO WDM - 'Get LATEST chromedriver version for google-chrome'
05:22:27 INFO WDM - 'Driver [C:\\Users\\Eugis\\.wdm\\drivers\\chromedriver\\win64\\142.0.7444.175\\chromedriver-win32/chromedriver.exe] found in cache'
05:22:41 INFO WDM - '====== WebDriver manager ======'
05:22:42 INFO WDM - 'Get LATEST chromedriver version for google-chrome'
05:22:42 INFO WDM - 'Get LATEST chromedriver version for google-chrome'
05:22:43 INFO WDM - 'Driver [C:\\Users\\Eugis\\.wdm\\drivers\\chromedriver\\win64\\142.0.7444.175\\chromedriver-win32/chromedriver.exe] found in cache'
05:22:53 INFO WDM - '====== WebDriver manager ======'
05:22:54 INFO WDM - 'Get LATEST chromedriver version for google-chrome'
05:22:54 INFO WDM - 'Get LATEST chromedriver version for google-chrome'
05:22:55 INFO WDM - 'Driver [C:\\Users\\Eugis\\.wdm\\drivers\\chromedriver\\win64\\142.0.7444.175\\chromedriver-win32/chromedriver.exe] found in cache'
05:23:09 INFO WDM - '====== WebDriver manager ======'
05:23:10 INFO WDM - 'Get LATEST chromedriver version for google-chrome'
05:23:11 INFO WDM - 'Get LATEST chromedriver version for google-chrome'
05:23:11 INFO WDM - 'Driver [C:\\Users\\Eugis\\.wdm\\drivers\\chromedriver\\win64\\142.0.7444.175\\chromedriver-win32/chromedriver.exe] found in cache'
05:23:25 INFO WDM - '====== WebDriver manager ======'
05:23:26 INFO WDM - 'Get LATEST chromedriver version for google-chrome'
05:23:27 INFO WDM - 'Get LATEST chromedriver version for google-chrome'
05:23:27 INFO WDM - 'Driver [C:\\Users\\Eugis\\.wdm\\drivers\\chromedriver\\win64\\142.0.7444.175\\chromedriver-win32/chromedriver.exe] found in cache'
05:23:42 INFO WDM - '====== WebDriver manager ======'
05:23:42 INFO WDM - 'Get LATEST chromedriver version for google-chrome'
05:23:43 INFO WDM - 'Get LATEST chromedriver version for google-chrome'
05:23:43 INFO WDM - 'Driver [C:\\Users\\Eugis\\.wdm\\drivers\\chromedriver\\win64\\142.0.7444.175\\chromedriver-win32/chromedriver.exe] found in cache'
05:23:54 INFO WDM - '====== WebDriver manager ======'
05:23:55 INFO WDM - 'Get LATEST chromedriver version for google-chrome'
05:23:55 INFO WDM - 'Get LATEST chromedriver version for google-chrome'
05:23:55 INFO WDM - 'Driver [C:\\Users\\Eugis\\.wdm\\drivers\\chromedriver\\win64\\142.0.7444.175\\chromedriver-win32/chromedriver.exe] found in cache'
05:24:06 INFO WDM - '====== WebDriver manager ======'
05:24:07 INFO WDM - 'Get LATEST chromedriver version for google-chrome'
05:24:07 INFO WDM - 'Get LATEST chromedriver version for google-chrome'
05:24:07 INFO WDM - 'Driver [C:\\Users\\Eugis\\.wdm\\drivers\\chromedriver\\win64\\142.0.7444.175\\chromedriver-win32/chromedriver.exe] found in cache'
05:24:22 INFO WDM - '====== WebDriver manager ======'
05:24:23 INFO WDM - 'Get LATEST chromedriver version for google-chrome'
05:24:23 INFO WDM - 'Get LATEST chromedriver version for google-chrome'
05:24:23 INFO WDM - 'Driver [C:\\Users\\Eugis\\.wdm\\drivers\\chromedriver\\win64\\142.0.7444.175\\chromedriver-win32/chromedriver.exe] found in cache'
05:24:34 INFO WDM - '====== WebDriver manager ======'
05:24:35 INFO WDM - 'Get LATEST chromedriver version for google-chrome'
05:24:35 INFO WDM - 'Get LATEST chromedriver version for google-chrome'
05:24:35 INFO WDM - 'Driver [C:\\Users\\Eugis\\.wdm\\drivers\\chromedriver\\win64\\142.0.7444.175\\chromedriver-win32/chromedriver.exe] found in cache'
05:24:52 INFO talentolab - 'TEST ENCADENADOS : GET, POST, PUT, PATCH, DELETE'
05:24:52 INFO talentolab - 'GET: Obetener usuarios'
05:24:52 INFO talentolab - 'POST: Crear usuario'
05:24:53 INFO talentolab - 'Patch: Modificar un dato de un usuario en particular'
05:24:53 INFO talentolab - 'Put: Modificar todos los datos de un usuario en particular'
05:24:54 INFO talentolab - 'delete: borrar un usuario en particular'
05:24:54 INFO WDM - '====== WebDriver manager ======'
05:24:55 INFO WDM - 'Get LATEST chromedriver version for google-chrome'
05:24:55 INFO WDM - 'Get LATEST chromedriver version for google-chrome'
05:24:55 INFO WDM - 'Driver [C:\\Users\\Eugis\\.wdm\\drivers\\chromedriver\\win64\\142.0.7444.175\\chromedriver-win32/chromedriver.exe] found in cache'
05:47:33 INFO WDM - '====== WebDriver manager ======'
05:47:34 INFO WDM - 'Get LATEST chromedriver version for google-chrome'
05:47:34 INFO WDM - 'Get LATEST chromedriver version for google-chrome'
05:47:34 INFO WDM - 'Driver [C:\\Users\\Eugis\\.wdm\\drivers\\chromedriver\\win64\\142.0.7444.175\\chromedriver-win32/chromedriver.exe] found in cache'
05:47:50 INFO WDM - '====== WebDriver manager ======'
05:47:51 INFO WDM - 'Get LATEST chromedriver version for google-chrome'
05:47:51 INFO WDM - 'Get LATEST chromedriver version for google-chrome'
05:47:51 INFO WDM - 'Driver [C:\\Users\\Eugis\\.wdm\\drivers\\chromedriver\\win64\\142.0.7444.175\\chromedriver-win32/chromedriver.exe] found in cache'
05:48:06 INFO WDM - '====== WebDriver manager ======'
05:48:07 INFO WDM - 'Get LATEST chromedriver version for google-chrome'
05:48:07 INFO WDM - 'Get LATEST chromedriver version for google-chrome'
05:48:07 INFO WDM - 'Driver [C:\\Users\\Eugis\\.wdm\\drivers\\chromedriver\\win64\\142.0.7444.175\\chromedriver-win32/chromedriver.exe] found in cache'
05:48:24 INFO WDM - '====== WebDriver manager ======'
05:48:25 INFO WDM - 'Get LATEST chromedriver version for google-chrome'
05:48:25 INFO WDM - 'Get LATEST chromedriver version for google-chrome'
05:48:25 INFO WDM - 'Driver [C:\\Users\\Eugis\\.wdm\\drivers\\chromedriver\\win64\\142.0.7444.175\\chromedriver-win32/chromedriver.exe] found in cache'
05:48:36 INFO WDM - '====== WebDriver manager ======'
05:48:37 INFO WDM - 'Get LATEST chromedriver version for google-chrome'
05:48:37 INFO WDM - 'Get LATEST chromedriver version for google-chrome'
05:48:37 INFO WDM - 'Driver [C:\\Users\\Eugis\\.wdm\\drivers\\chromedriver\\win64\\142.0.7444.175\\chromedriver-win32/chromedriver.exe] found in cache'
05:48:48 INFO WDM - '====== WebDriver manager ======'
05:48:49 INFO WDM - 'Get LATEST chromedriver version for google-chrome'
05:48:49 INFO WDM - 'Get LATEST chromedriver version for google-chrome'
05:48:49 INFO WDM - 'Driver [C:\\Users\\Eugis\\.wdm\\drivers\\chromedriver\\win64\\142.0.7444.175\\chromedriver-win32/chromedriver.exe] found in cache'
05:49:00 INFO WDM - '====== WebDriver manager ======'
05:49:01 INFO WDM - 'Get LATEST chromedriver version for google-chrome'
05:49:01 INFO WDM - 'Get LATEST chromedriver version for google-chrome'
05:49:02 INFO WDM - 'Driver [C:\\Users\\Eugis\\.wdm\\drivers\\chromedriver\\win64\\142.0.7444.175\\chromedriver-win32/chromedriver.exe] found in cache'
05:49:16 INFO WDM - '====== WebDriver manager ======'
05:49:17 INFO WDM - 'Get LATEST chromedriver version for google-chrome'
05:49:17 INFO WDM - 'Get LATEST chromedriver version for google-chrome'
05:49:17 INFO WDM - 'Driver [C:\\Users\\Eugis\\.wdm\\drivers\\chromedriver\\win64\\142.0.7444.175\\chromedriver-win32/chromedriver.exe] found in cache'
05:49:32 INFO WDM - '====== WebDriver manager ======'
05:49:33 INFO WDM - 'Get LATEST chromedriver version for google-chrome'
05:49:33 INFO WDM - 'Get LATEST chromedriver version for google-chrome'
05:49:33 INFO WDM - 'Driver [C:\\Users\\Eugis\\.wdm\\drivers\\chromedriver\\win64\\142.0.7444.175\\chromedriver-win32/chromedriver.exe] found in cache'
05:49:48 INFO WDM - '====== WebDriver manager ======'
05:49:49 INFO WDM - 'Get LATEST chromedriver version for google-chrome'
05:49:49 INFO WDM - 'Get LATEST chromedriver version for google-chrome'
05:49:49 INFO WDM - 'Driver [C:\\Users\\Eugis\\.wdm\\drivers\\chromedriver\\win64\\142.0.7444.175\\chromedriver-win32/chromedriver.exe] found in cache'
05:50:00 INFO WDM - '====== WebDriver manager ======'
05:50:01 INFO WDM - 'Get LATEST chromedriver version for google-chrome'
05:50:01 INFO WDM - 'Get LATEST chromedriver version for google-chrome'
05:50:01 INFO WDM - 'Driver [C:\\Users\\Eugis\\.wdm\\drivers\\chromedriver\\win64\\142.0.7444.175\\chromedriver-win32/chromedriver.exe] found in cache'
05:50:12 INFO WDM - '====== WebDriver manager ======'
05:50:13 INFO WDM - 'Get LATEST chromedriver version for google-chrome'
05:50:13 INFO WDM - 'Get LATEST chromedriver version for google-chrome'
05:50:14 INFO WDM - 'Driver [C:\\Users\\Eugis\\.wdm\\drivers\\chromedriver\\win64\\142.0.7444.175\\chromedriver-win32/chromedriver.exe] found in cache'
05:50:28 INFO WDM - '====== WebDriver manager ======'
05:50:29 INFO WDM - 'Get LATEST chromedriver version for google-chrome'
05:50:29 INFO WDM - 'Get LATEST chromedriver version for google-chrome'
05:50:29 INFO WDM - 'Driver [C:\\Users\\Eugis\\.wdm\\drivers\\chromedriver\\win64\\142.0.7444.175\\chromedriver-win32/chromedriver.exe] found in cache'
05:50:40 INFO WDM - '====== WebDriver manager ======'
05:50:41 INFO WDM - 'Get LATEST chromedriver version for google-chrome'
05:50:41 INFO WDM - 'Get LATEST chromedriver version for google-chrome'
05:50:41 INFO WDM - 'Driver [C:\\Users\\Eugis\\.wdm\\drivers\\chromedriver\\win64\\142.0.7444.175\\chromedriver-win32/chromedriver.exe] found in cache'
05:50:59 INFO talentolab - 'TEST ENCADENADOS : GET, POST, PUT, PATCH, DELETE'
05:50:59 INFO talentolab - 'GET: Obetener usuarios'
05:50:59 INFO talentolab - 'POST: Crear usuario'
05:50:59 INFO talentolab - 'Patch: Modificar un dato de un usuario en particular'
05:51:00 INFO talentolab - 'Put: Modificar todos los datos de un usuario en particular'
05:51:00 INFO talentolab - 'delete: borrar un usuario en particular'
05:51:00 INFO WDM - '====== WebDriver manager ======'
05:51:01 INFO WDM - 'Get LATEST chromedriver version for google-chrome'
05:51:02 INFO WDM - 'Get LATEST chromedriver version for google-chrome'
05:51:02 INFO WDM - 'Driver [C:\\Users\\Eugis\\.wdm\\drivers\\chromedriver\\win64\\142.0.7444.175\\chromedriver-win32/chromedriver.exe] found in cache'
05:57:52 INFO WDM - '====== WebDriver manager ======'
05:57:53 INFO WDM - 'Get LATEST chromedriver version for google-chrome'
05:57:53 INFO WDM - 'Get LATEST chromedriver version for google-chrome'
05:57:53 INFO WDM - 'Driver [C:\\Users\\Eugis\\.wdm\\drivers\\chromedriver\\win64\\142.0.7444.175\\chromedriver-win32/chromedriver.exe] found in cache'
05:58:10 INFO WDM - '====== WebDriver manager ======'
05:58:11 INFO WDM - 'Get LATEST chromedriver version for google-chrome'
05:58:11 INFO WDM - 'Get LATEST chromedriver version for google-chrome'
05:58:11 INFO WDM - 'Driver [C:\\Users\\Eugis\\.wdm\\drivers\\chromedriver\\win64\\142.0.7444.175\\chromedriver-win32/chromedriver.exe] found in cache'
05:58:26 INFO WDM - '====== WebDriver manager ======'
05:58:27 INFO WDM - 'Get LATEST chromedriver version for google-chrome'
05:58:27 INFO WDM - 'Get LATEST chromedriver version for google-chrome'
05:58:27 INFO WDM - 'Driver [C:\\Users\\Eugis\\.wdm\\drivers\\chromedriver\\win64\\142.0.7444.175\\chromedriver-win32/chromedriver.exe] found in cache'
05:58:44 INFO WDM - '====== WebDriver manager ======'
05:58:45 INFO WDM - 'Get LATEST chromedriver version for google-chrome'
05:58:45 INFO WDM - 'Get LATEST chromedriver version for google-chrome'
05:58:45 INFO WDM - 'Driver [C:\\Users\\Eugis\\.wdm\\drivers\\chromedriver\\win64\\142.0.7444.175\\chromedriver-win32/chromedriver.exe] found in cache'
05:58:56 INFO WDM - '====== WebDriver manager ======'
05:58:57 INFO WDM - 'Get LATEST chromedriver version for google-chrome'
05:58:57 INFO WDM - 'Get LATEST chromedriver version for google-chrome'
05:58:58 INFO WDM - 'Driver [C:\\Users\\Eugis\\.wdm\\drivers\\chromedriver\\win64\\142.0.7444.175\\chromedriver-win32/chromedriver.exe] found in cache'
05:59:08 INFO WDM - '====== WebDriver manager ======'
05:59:09 INFO WDM - 'Get LATEST chromedriver version for google-chrome'
05:59:09 INFO WDM - 'Get LATEST chromedriver version for google-chrome'
05:59:10 INFO WDM - 'Driver [C:\\Users\\Eugis\\.wdm\\drivers\\chromedriver\\win64\\142.0.7444.175\\chromedriver-win32/chromedriver.exe] found in cache'
05:59:24 INFO WDM - '====== WebDriver manager ======'
05:59:25 INFO WDM - 'Get LATEST chromedriver version for google-chrome'
05:59:25 INFO WDM - 'Get LATEST chromedriver version for google-chrome'
05:59:25 INFO WDM - 'Driver [C:\\Users\\Eugis\\.wdm\\drivers\\chromedriver\\win64\\142.0.7444.175\\chromedriver-win32/chromedriver.exe] found in cache'
05:59:40 INFO WDM - '====== WebDriver manager ======'
05:59:41 INFO WDM - 'Get LATEST chromedriver version for google-chrome'
05:59:41 INFO WDM - 'Get LATEST chromedriver version for google-chrome'
05:59:42 INFO WDM - 'Driver [C:\\Users\\Eugis\\.wdm\\drivers\\chromedriver\\win64\\142.0.7444.175\\chromedriver-win32/chromedriver.exe] found in cache'
05:59:52 INFO WDM - '====== WebDriver manager ======'
05:59:53 INFO WDM - 'Get LATEST chromedriver version for google-chrome'
05:59:53 INFO WDM - 'Get LATEST chromedriver version for google-chrome'
05:59:54 INFO WDM - 'Driver [C:\\Users\\Eugis\\.wdm\\drivers\\chromedriver\\win64\\142.0.7444.175\\chromedriver-win32/chromedriver.exe] found in cache'
06:00:08 INFO WDM - '====== WebDriver manager ======'
06:00:09 INFO WDM - 'Get LATEST chromedriver version for google-chrome'
06:00:09 INFO WDM - 'Get LATEST chromedriver version for google-chrome'
06:00:10 INFO WDM - 'Driver [C:\\Users\\Eugis\\.wdm\\drivers\\chromedriver\\win64\\142.0.7444.175\\chromedriver-win32/chromedriver.exe] found in cache'
06:00:21 INFO WDM - '====== WebDriver manager ======'
06:00:22 INFO WDM - 'Get LATEST chromedriver version for google-chrome'
06:00:22 INFO WDM - 'Get LATEST chromedriver version for google-chrome'
06:00:22 INFO WDM - 'Driver [C:\\Users\\Eugis\\.wdm\\drivers\\chromedriver\\win64\\142.0.7444.175\\chromedriver-win32/chromedriver.exe] found in cache'
06:00:33 INFO WDM - '====== WebDriver manager ======'
06:00:34 INFO WDM - 'Get LATEST chromedriver version for google-chrome'
06:00:34 INFO WDM - 'Get LATEST chromedriver version for google-chrome'
06:00:34 INFO WDM - 'Driver [C:\\Users\\Eugis\\.wdm\\drivers\\chromedriver\\win64\\142.0.7444.175\\chromedriver-win32/chromedriver.exe] found in cache'
06:00:49 INFO WDM - '====== WebDriver manager ======'
06:00:50 INFO WDM - 'Get LATEST chromedriver version for google-chrome'
06:00:50 INFO WDM - 'Get LATEST chromedriver version for google-chrome'
06:00:51 INFO WDM - 'Driver [C:\\Users\\Eugis\\.wdm\\drivers\\chromedriver\\win64\\142.0.7444.175\\chromedriver-win32/chromedriver.exe] found in cache'
06:01:01 INFO WDM - '====== WebDriver manager ======'
06:01:03 INFO WDM - 'Get LATEST chromedriver version for google-chrome'
06:01:03 INFO WDM - 'Get LATEST chromedriver version for google-chrome'
06:01:03 INFO WDM - 'Driver [C:\\Users\\Eugis\\.wdm\\drivers\\chromedriver\\win64\\142.0.7444.175\\chromedriver-win32/chromedriver.exe] found in cache'
06:01:21 INFO talentolab - 'TEST ENCADENADOS : GET, POST, PUT, PATCH, DELETE'
06:01:21 INFO talentolab - 'GET: Obetener usuarios'
06:01:21 INFO talentolab - 'POST: Crear usuario'
06:01:21 INFO talentolab - 'Patch: Modificar un dato de un usuario en particular'
06:01:22 INFO talentolab - 'Put: Modificar todos los datos de un usuario en particular'
06:01:22 INFO talentolab - 'delete: borrar un usuario en particular'
06:01:22 INFO WDM - '====== WebDriver manager ======'
06:01:23 INFO WDM - 'Get LATEST chromedriver version for google-chrome'
06:01:24 INFO WDM - 'Get LATEST chromedriver version for google-chrome'
06:01:24 INFO WDM - 'Driver [C:\\Users\\Eugis\\.wdm\\drivers\\chromedriver\\win64\\142.0.7444.175\\chromedriver-win32/chromedriver.exe] found in cache'
06:03:44 INFO WDM - '====== WebDriver manager ======'
06:03:45 INFO WDM - 'Get LATEST chromedriver version for google-chrome'
06:03:45 INFO WDM - 'Get LATEST chromedriver version for google-chrome'
06:03:46 INFO WDM - 'Driver [C:\\Users\\Eugis\\.wdm\\drivers\\chromedriver\\win64\\142.0.7444.175\\chromedriver-win32/chromedriver.exe] found in cache'
06:04:01 INFO WDM - '====== WebDriver manager ======'
06:04:02 INFO WDM - 'Get LATEST chromedriver version for google-chrome'
06:04:02 INFO WDM - 'Get LATEST chromedriver version for google-chrome'
06:04:03 INFO WDM - 'Driver [C:\\Users\\Eugis\\.wdm\\drivers\\chromedriver\\win64\\142.0.7444.175\\chromedriver-win32/chromedriver.exe] found in cache'
06:04:17 INFO WDM - '====== WebDriver manager ======'
06:04:18 INFO WDM - 'Get LATEST chromedriver version for google-chrome'
06:04:18 INFO WDM - 'Get LATEST chromedriver version for google-chrome'
06:04:19 INFO WDM - 'Driver [C:\\Users\\Eugis\\.wdm\\drivers\\chromedriver\\win64\\142.0.7444.175\\chromedriver-win32/chromedriver.exe] found in cache'
06:04:35 INFO WDM - '====== WebDriver manager ======'
06:04:36 INFO WDM - 'Get LATEST chromedriver version for google-chrome'
06:04:37 INFO WDM - 'Get LATEST chromedriver version for google-chrome'
06:04:37 INFO WDM - 'Driver [C:\\Users\\Eugis\\.wdm\\drivers\\chromedriver\\win64\\142.0.7444.175\\chromedriver-win32/chromedriver.exe] found in cache'
06:04:51 INFO WDM - '====== WebDriver manager ======'
06:04:52 INFO WDM - 'Get LATEST chromedriver version for google-chrome'
06:04:53 INFO WDM - 'Get LATEST chromedriver version for google-chrome'
06:04:53 INFO WDM - 'Driver [C:\\Users\\Eugis\\.wdm\\drivers\\chromedriver\\win64\\142.0.7444.175\\chromedriver-win32/chromedriver.exe] found in cache'
06:05:04 INFO WDM - '====== WebDriver manager ======'
06:05:04 INFO WDM - 'Get LATEST chromedriver version for google-chrome'
06:05:05 INFO WDM - 'Get LATEST chromedriver version for google-chrome'
06:05:05 INFO WDM - 'Driver [C:\\Users\\Eugis\\.wdm\\drivers\\chromedriver\\win64\\142.0.7444.175\\chromedriver-win32/chromedriver.exe] found in cache'
06:05:16 INFO WDM - '====== WebDriver manager ======'
06:05:17 INFO WDM - 'Get LATEST chromedriver version for google-chrome'
06:05:17 INFO WDM - 'Get LATEST chromedriver version for google-chrome'
06:05:17 INFO WDM - 'Driver [C:\\Users\\Eugis\\.wdm\\drivers\\chromedriver\\win64\\142.0.7444.175\\chromedriver-win32/chromedriver.exe] found in cache'
06:05:28 INFO WDM - '====== WebDriver manager ======'
06:05:29 INFO WDM - 'Get LATEST chromedriver version for google-chrome'
06:05:29 INFO WDM - 'Get LATEST chromedriver version for google-chrome'
06:05:29 INFO WDM - 'Driver [C:\\Users\\Eugis\\.wdm\\drivers\\chromedriver\\win64\\142.0.7444.175\\chromedriver-win32/chromedriver.exe] found in cache'
06:05:40 INFO WDM - '====== WebDriver manager ======'
06:05:41 INFO WDM - 'Get LATEST chromedriver version for google-chrome'
06:05:41 INFO WDM - 'Get LATEST chromedriver version for google-chrome'
06:05:41 INFO WDM - 'Driver [C:\\Users\\Eugis\\.wdm\\drivers\\chromedriver\\win64\\142.0.7444.175\\chromedriver-win32/chromedriver.exe] found in cache'
06:05:56 INFO WDM - '====== WebDriver manager ======'
06:05:57 INFO WDM - 'Get LATEST chromedriver version for google-chrome'
06:05:57 INFO WDM - 'Get LATEST chromedriver version for google-chrome'
06:05:57 INFO WDM - 'Driver [C:\\Users\\Eugis\\.wdm\\drivers\\chromedriver\\win64\\142.0.7444.175\\chromedriver-win32/chromedriver.exe] found in cache'
06:06:08 INFO WDM - '====== WebDriver manager ======'
06:06:09 INFO WDM - 'Get LATEST chromedriver version for google-chrome'
06:06:09 INFO WDM - 'Get LATEST chromedriver version for google-chrome'
06:06:09 INFO WDM - 'Driver [C:\\Users\\Eugis\\.wdm\\drivers\\chromedriver\\win64\\142.0.7444.175\\chromedriver-win32/chromedriver.exe] found in cache'
06:06:20 INFO WDM - '====== WebDriver manager ======'
06:06:21 INFO WDM - 'Get LATEST chromedriver version for google-chrome'
06:06:21 INFO WDM - 'Get LATEST chromedriver version for google-chrome'
06:06:21 INFO WDM - 'Driver [C:\\Users\\Eugis\\.wdm\\drivers\\chromedriver\\win64\\142.0.7444.175\\chromedriver-win32/chromedriver.exe] found in cache'
06:06:36 INFO WDM - '====== WebDriver manager ======'
06:06:37 INFO WDM - 'Get LATEST chromedriver version for google-chrome'
06:06:37 INFO WDM - 'Get LATEST chromedriver version for google-chrome'
06:06:37 INFO WDM - 'Driver [C:\\Users\\Eugis\\.wdm\\drivers\\chromedriver\\win64\\142.0.7444.175\\chromedriver-win32/chromedriver.exe] found in cache'
06:06:48 INFO WDM - '====== WebDriver manager ======'
06:06:49 INFO WDM - 'Get LATEST chromedriver version for google-chrome'
06:06:49 INFO WDM - 'Get LATEST chromedriver version for google-chrome'
06:06:49 INFO WDM - 'Driver [C:\\Users\\Eugis\\.wdm\\drivers\\chromedriver\\win64\\142.0.7444.175\\chromedriver-win32/chromedriver.exe] found in cache'
06:07:07 INFO talentolab - 'TEST ENCADENADOS : GET, POST, PUT, PATCH, DELETE'
06:07:07 INFO talentolab - 'GET: Obetener usuarios'
06:07:07 INFO talentolab - 'POST: Crear usuario'
06:07:07 INFO talentolab - 'Patch: Modificar un dato de un usuario en particular'
06:07:08 INFO talentolab - 'Put: Modificar todos los datos de un usuario en particular'
06:07:08 INFO talentolab - 'delete: borrar un usuario en particular'
06:07:09 INFO WDM - '====== WebDriver manager ======'
06:07:09 INFO WDM - 'Get LATEST chromedriver version for google-chrome'
06:07:10 INFO WDM - 'Get LATEST chromedriver version for google-chrome'
06:07:10 INFO WDM - 'Driver [C:\\Users\\Eugis\\.wdm\\drivers\\chromedriver\\win64\\142.0.7444.175\\chromedriver-win32/chromedriver.exe] found in cache'
